Log file open, 02/06/20 17:32:29
LogWindows: Failed to load 'aqProf.dll' (GetLastError=126)
LogWindows: File 'aqProf.dll' does not exist
LogWindows: Failed to load 'VtuneApi.dll' (GetLastError=126)
LogWindows: File 'VtuneApi.dll' does not exist
LogWindows: Failed to load 'VtuneApi32e.dll' (GetLastError=126)
LogWindows: File 'VtuneApi32e.dll' does not exist
LogConsoleResponse: Display: Failed to find resolution value strings in scalability ini. Falling back to default.
LogInit: Display: Running engine for game: Bender_Set_Dressing
LogPakFile: Registered encryption key '00000000000000000000000000000000': 0 pak files mounted, 0 remain pending
LogPlatformFile: Not using cached read wrapper
LogTaskGraph: Started task graph with 5 named threads and 47 total threads with 3 sets of task threads.
LogStats: Stats thread started at 0.519549
LogD3D11RHI: Loaded GFSDK_Aftermath_Lib.x64.dll
LogICUInternationalization: ICU TimeZone Detection - Raw Offset: -5:00, Platform Override: ''
LogPluginManager: Mounting plugin Paper2D
LogPluginManager: Mounting plugin AISupport
LogPluginManager: Mounting plugin LightPropagationVolume
LogPluginManager: Mounting plugin ActorLayerUtilities
LogPluginManager: Mounting plugin AnimationSharing
LogPluginManager: Mounting plugin CLionSourceCodeAccess
LogPluginManager: Mounting plugin CodeLiteSourceCodeAccess
LogPluginManager: Mounting plugin GitSourceControl
LogPluginManager: Mounting plugin KDevelopSourceCodeAccess
LogPluginManager: Mounting plugin NullSourceCodeAccess
LogPluginManager: Mounting plugin PerforceSourceControl
LogPluginManager: Mounting plugin SubversionSourceControl
LogPluginManager: Mounting plugin UObjectPlugin
LogPluginManager: Mounting plugin VisualStudioCodeSourceCodeAccess
LogPluginManager: Mounting plugin VisualStudioSourceCodeAccess
LogPluginManager: Mounting plugin XCodeSourceCodeAccess
LogPluginManager: Mounting plugin AssetManagerEditor
LogPluginManager: Mounting plugin CryptoKeys
LogPluginManager: Mounting plugin DataValidation
LogPluginManager: Mounting plugin FacialAnimation
LogPluginManager: Mounting plugin GameplayTagsEditor
LogPluginManager: Mounting plugin MacGraphicsSwitching
LogPluginManager: Mounting plugin MaterialAnalyzer
LogPluginManager: Mounting plugin MobileLauncherProfileWizard
LogPluginManager: Mounting plugin PluginBrowser
LogPluginManager: Mounting plugin SpeedTreeImporter
LogPluginManager: Mounting plugin DatasmithContent
LogPluginManager: Mounting plugin VariantManagerContent
LogPluginManager: Mounting plugin AlembicImporter
LogPluginManager: Mounting plugin AppleImageUtils
LogPluginManager: Mounting plugin AppleVision
LogPluginManager: Mounting plugin BackChannel
LogPluginManager: Mounting plugin CharacterAI
LogPluginManager: Mounting plugin GeometryCache
LogPluginManager: Mounting plugin HTML5Networking
LogPluginManager: Mounting plugin ProxyLODPlugin
LogPluginManager: Mounting plugin SkeletalReduction
LogPluginManager: Mounting plugin MagicLeap
LogPluginManager: Mounting plugin MagicLeapMedia
LogPluginManager: Mounting plugin AndroidMedia
LogPluginManager: Mounting plugin AvfMedia
LogPluginManager: Mounting plugin ImgMedia
LogPluginManager: Mounting plugin LinearTimecode
LogPluginManager: Mounting plugin MediaCompositing
LogPluginManager: Mounting plugin MediaPlayerEditor
LogPluginManager: Mounting plugin WebMMedia
LogPluginManager: Mounting plugin WmfMedia
LogPluginManager: Mounting plugin TcpMessaging
LogPluginManager: Mounting plugin UdpMessaging
LogPluginManager: Mounting plugin ActorSequence
LogPluginManager: Mounting plugin LevelSequenceEditor
LogPluginManager: Mounting plugin MatineeToLevelSequence
LogPluginManager: Mounting plugin NetcodeUnitTest
LogPluginManager: Mounting plugin NUTUnrealEngine4
LogPluginManager: Mounting plugin OnlineSubsystemGooglePlay
LogPluginManager: Mounting plugin OnlineSubsystemIOS
LogPluginManager: Mounting plugin OnlineSubsystem
LogPluginManager: Mounting plugin OnlineSubsystemNull
LogPluginManager: Mounting plugin OnlineSubsystemUtils
LogPluginManager: Mounting plugin LauncherChunkInstaller
LogPluginManager: Mounting plugin AndroidDeviceProfileSelector
LogPluginManager: Mounting plugin AndroidMoviePlayer
LogPluginManager: Mounting plugin AndroidPermission
LogPluginManager: Mounting plugin AppleMoviePlayer
LogPluginManager: Mounting plugin ArchVisCharacter
LogPluginManager: Mounting plugin AudioCapture
LogPluginManager: Mounting plugin CableComponent
LogPluginManager: Mounting plugin CustomMeshComponent
LogPluginManager: Mounting plugin EditableMesh
LogPluginManager: Mounting plugin ExampleDeviceProfileSelector
LogPluginManager: Mounting plugin Firebase
LogPluginManager: Mounting plugin GoogleCloudMessaging
LogPluginManager: Mounting plugin IOSDeviceProfileSelector
LogPluginManager: Mounting plugin LinuxDeviceProfileSelector
LogPluginManager: Mounting plugin LocationServicesBPLibrary
LogPluginManager: Mounting plugin MobilePatchingUtils
LogPluginManager: Mounting plugin OculusVR
LogPluginManager: Mounting plugin PhysXVehicles
LogPluginManager: Mounting plugin ProceduralMeshComponent
LogPluginManager: Mounting plugin RuntimePhysXCooking
LogPluginManager: Mounting plugin SignificanceManager
LogPluginManager: Mounting plugin SteamVR
LogPluginManager: Mounting plugin WebMMoviePlayer
LogPluginManager: Mounting plugin WindowsMoviePlayer
LogInit: Using libcurl 7.55.1-DEV
LogInit:  - built for x86_64-pc-win32
LogInit:  - supports SSL with OpenSSL/1.1.1
LogInit:  - supports HTTP deflate (compression) using libz 1.2.8
LogInit:  - other features:
LogInit:      CURL_VERSION_SSL
LogInit:      CURL_VERSION_LIBZ
LogInit:      CURL_VERSION_IPV6
LogInit:      CURL_VERSION_ASYNCHDNS
LogInit:      CURL_VERSION_LARGEFILE
LogInit:      CURL_VERSION_IDN
LogInit:  CurlRequestOptions (configurable via config and command line):
LogInit:  - bVerifyPeer = true  - Libcurl will verify peer certificate
LogInit:  - bUseHttpProxy = false  - Libcurl will NOT use HTTP proxy
LogInit:  - bDontReuseConnections = false  - Libcurl will reuse connections
LogInit:  - MaxHostConnections = 16  - Libcurl will limit the number of connections to a host
LogInit:  - LocalHostAddr = Default
LogInit:  - BufferSize = 65536
LogInit: WinSock: version 1.1 (2.2), MaxSocks=32767, MaxUdp=65467
LogHMD: Failed initializing OVRPlugin 1.32.0
LogInit: Build: ++UE4+Release-4.22-CL-7053642
LogInit: Engine Version: 4.22.3-7053642+++UE4+Release-4.22
LogInit: Compatible Engine Version: 4.22.0-5660361+++UE4+Release-4.22
LogInit: Net CL: 5660361
LogInit: OS: Windows 10 (Release 1809) (), CPU: Intel(R) Core(TM) i9-9900KF CPU @ 3.60GHz, GPU: NVIDIA GeForce RTX 2080
LogInit: Compiled (64-bit): Jun 18 2019 03:09:11
LogInit: Compiled with Visual C++: 19.16.27025.01
LogInit: Build Configuration: Development
LogInit: Branch Name: ++UE4+Release-4.22
LogInit: Command Line: 
LogInit: Base Directory: C:/Program Files (x86)/Epic Games/Unreal Engine/4.22/Engine/Binaries/Win64/
LogInit: Installed Engine Build: 1
LogDevObjectVersion: Number of dev versions registered: 23
LogDevObjectVersion:   Dev-Blueprints (B0D832E4-1F89-4F0D-ACCF-7EB736FD4AA2): 10
LogDevObjectVersion:   Dev-Build (E1C64328-A22C-4D53-A36C-8E866417BD8C): 0
LogDevObjectVersion:   Dev-Core (375EC13C-06E4-48FB-B500-84F0262A717E): 3
LogDevObjectVersion:   Dev-Editor (E4B068ED-F494-42E9-A231-DA0B2E46BB41): 30
LogDevObjectVersion:   Dev-Framework (CFFC743F-43B0-4480-9391-14DF171D2073): 35
LogDevObjectVersion:   Dev-Mobile (B02B49B5-BB20-44E9-A304-32B752E40360): 2
LogDevObjectVersion:   Dev-Networking (A4E4105C-59A1-49B5-A7C5-40C4547EDFEE): 0
LogDevObjectVersion:   Dev-Online (39C831C9-5AE6-47DC-9A44-9C173E1C8E7C): 0
LogDevObjectVersion:   Dev-Physics (78F01B33-EBEA-4F98-B9B4-84EACCB95AA2): 0
LogDevObjectVersion:   Dev-Platform (6631380F-2D4D-43E0-8009-CF276956A95A): 0
LogDevObjectVersion:   Dev-Rendering (12F88B9F-8875-4AFC-A67C-D90C383ABD29): 28
LogDevObjectVersion:   Dev-Sequencer (7B5AE74C-D270-4C10-A958-57980B212A5A): 11
LogDevObjectVersion:   Dev-VR (D7296918-1DD6-4BDD-9DE2-64A83CC13884): 2
LogDevObjectVersion:   Dev-LoadTimes (C2A15278-BFE7-4AFE-6C17-90FF531DF755): 1
LogDevObjectVersion:   Private-Geometry (6EACA3D4-40EC-4CC1-B786-8BED09428FC5): 3
LogDevObjectVersion:   Dev-AnimPhys (29E575DD-E0A3-4627-9D10-D276232CDCEA): 17
LogDevObjectVersion:   Dev-Anim (AF43A65D-7FD3-4947-9873-3E8ED9C1BB05): 2
LogDevObjectVersion:   Dev-ReflectionCapture (6B266CEC-1EC7-4B8F-A30B-E4D90942FC07): 1
LogDevObjectVersion:   Dev-Automation (0DF73D61-A23F-47EA-B727-89E90C41499A): 1
LogDevObjectVersion:   FortniteMain (601D1886-AC64-4F84-AA16-D3DE0DEAC7D6): 25
LogDevObjectVersion:   Dev-Enterprise (9DFFBCD6-494F-0158-E221-12823C92A888): 6
LogDevObjectVersion:   Dev-Niagara (F2AED0AC-9AFE-416F-8664-AA7FFA26D6FC): 1
LogDevObjectVersion:   Dev-Destruction (174F1F0B-B4C6-45A5-B13F-2EE8D0FB917D): 2
LogInit: Presizing for max 16777216 objects, including 0 objects not considered by GC, pre-allocating 0 bytes for permanent pool.
LogInit: Object subsystem initialized
LogConfig: Setting CVar [[con.DebugEarlyDefault:1]]
LogConfig: Setting CVar [[r.setres:1280x720]]
[2020.02.06-22.32.29:735][  0]LogConfig: Setting CVar [[r.VSync:0]]
[2020.02.06-22.32.29:735][  0]LogConfig: Setting CVar [[r.RHICmdBypass:0]]
[2020.02.06-22.32.29:735][  0]LogConfig: Applying CVar settings from Section [/Script/Engine.RendererSettings] File [C:/Users/tlbender/Documents/GitHub/Bender_SetDressing/Bender_Set_Dressing/Saved/Config/Windows/Engine.ini]
[2020.02.06-22.32.29:735][  0]LogConfig: Setting CVar [[r.GPUCrashDebugging:0]]
[2020.02.06-22.32.29:735][  0]LogConfig: Applying CVar settings from Section [/Script/Engine.RendererOverrideSettings] File [C:/Users/tlbender/Documents/GitHub/Bender_SetDressing/Bender_Set_Dressing/Saved/Config/Windows/Engine.ini]
[2020.02.06-22.32.29:735][  0]LogConfig: Applying CVar settings from Section [/Script/Engine.StreamingSettings] File [C:/Users/tlbender/Documents/GitHub/Bender_SetDressing/Bender_Set_Dressing/Saved/Config/Windows/Engine.ini]
[2020.02.06-22.32.29:735][  0]LogConfig: Setting CVar [[s.MinBulkDataSizeForAsyncLoading:131072]]
[2020.02.06-22.32.29:735][  0]LogConfig: Setting CVar [[s.AsyncLoadingThreadEnabled:0]]
[2020.02.06-22.32.29:735][  0]LogConfig: Setting CVar [[s.EventDrivenLoaderEnabled:1]]
[2020.02.06-22.32.29:735][  0]LogConfig: Setting CVar [[s.WarnIfTimeLimitExceeded:0]]
[2020.02.06-22.32.29:735][  0]LogConfig: Setting CVar [[s.TimeLimitExceededMultiplier:1.5]]
[2020.02.06-22.32.29:735][  0]LogConfig: Setting CVar [[s.TimeLimitExceededMinTime:0.005]]
[2020.02.06-22.32.29:735][  0]LogConfig: Setting CVar [[s.UseBackgroundLevelStreaming:1]]
[2020.02.06-22.32.29:735][  0]LogConfig: Setting CVar [[s.PriorityAsyncLoadingExtraTime:15.0]]
[2020.02.06-22.32.29:735][  0]LogConfig: Setting CVar [[s.LevelStreamingActorsUpdateTimeLimit:5.0]]
[2020.02.06-22.32.29:735][  0]LogConfig: Setting CVar [[s.PriorityLevelStreamingActorsUpdateExtraTime:5.0]]
[2020.02.06-22.32.29:735][  0]LogConfig: Setting CVar [[s.LevelStreamingComponentsRegistrationGranularity:10]]
[2020.02.06-22.32.29:735][  0]LogConfig: Setting CVar [[s.UnregisterComponentsTimeLimit:1.0]]
[2020.02.06-22.32.29:735][  0]LogConfig: Setting CVar [[s.LevelStreamingComponentsUnregistrationGranularity:5]]
[2020.02.06-22.32.29:735][  0]LogConfig: Applying CVar settings from Section [/Script/Engine.GarbageCollectionSettings] File [C:/Users/tlbender/Documents/GitHub/Bender_SetDressing/Bender_Set_Dressing/Saved/Config/Windows/Engine.ini]
[2020.02.06-22.32.29:735][  0]LogConfig: Setting CVar [[gc.MaxObjectsNotConsideredByGC:1]]
[2020.02.06-22.32.29:735][  0]LogConfig: Setting CVar [[gc.SizeOfPermanentObjectPool:0]]
[2020.02.06-22.32.29:735][  0]LogConfig: Setting CVar [[gc.FlushStreamingOnGC:0]]
[2020.02.06-22.32.29:735][  0]LogConfig: Setting CVar [[gc.NumRetriesBeforeForcingGC:10]]
[2020.02.06-22.32.29:735][  0]LogConfig: Setting CVar [[gc.AllowParallelGC:1]]
[2020.02.06-22.32.29:735][  0]LogConfig: Setting CVar [[gc.TimeBetweenPurgingPendingKillObjects:61.1]]
[2020.02.06-22.32.29:735][  0]LogConfig: Setting CVar [[gc.MaxObjectsInEditor:16777216]]
[2020.02.06-22.32.29:735][  0]LogConfig: Setting CVar [[gc.IncrementalBeginDestroyEnabled:1]]
[2020.02.06-22.32.29:735][  0]LogConfig: Setting CVar [[gc.CreateGCClusters:1]]
[2020.02.06-22.32.29:735][  0]LogConfig: Setting CVar [[gc.MinGCClusterSize:5]]
[2020.02.06-22.32.29:735][  0]LogConfig: Setting CVar [[gc.ActorClusteringEnabled:0]]
[2020.02.06-22.32.29:735][  0]LogConfig: Setting CVar [[gc.BlueprintClusteringEnabled:0]]
[2020.02.06-22.32.29:735][  0]LogConfig: Setting CVar [[gc.UseDisregardForGCOnDedicatedServers:0]]
[2020.02.06-22.32.29:735][  0]LogConfig: Applying CVar settings from Section [/Script/Engine.NetworkSettings] File [C:/Users/tlbender/Documents/GitHub/Bender_SetDressing/Bender_Set_Dressing/Saved/Config/Windows/Engine.ini]
[2020.02.06-22.32.29:735][  0]LogConfig: Applying CVar settings from Section [/Script/UnrealEd.CookerSettings] File [C:/Users/tlbender/Documents/GitHub/Bender_SetDressing/Bender_Set_Dressing/Saved/Config/Windows/Engine.ini]
[2020.02.06-22.32.29:737][  0]LogConfig: Applying CVar settings from Section [ViewDistanceQuality@3] File [C:/Users/tlbender/Documents/GitHub/Bender_SetDressing/Bender_Set_Dressing/Saved/Config/Windows/Scalability.ini]
[2020.02.06-22.32.29:737][  0]LogConfig: Setting CVar [[r.SkeletalMeshLODBias:0]]
[2020.02.06-22.32.29:737][  0]LogConfig: Setting CVar [[r.ViewDistanceScale:1.0]]
[2020.02.06-22.32.29:737][  0]LogConfig: Applying CVar settings from Section [AntiAliasingQuality@3] File [C:/Users/tlbender/Documents/GitHub/Bender_SetDressing/Bender_Set_Dressing/Saved/Config/Windows/Scalability.ini]
[2020.02.06-22.32.29:737][  0]LogConfig: Setting CVar [[r.PostProcessAAQuality:4]]
[2020.02.06-22.32.29:737][  0]LogConfig: Applying CVar settings from Section [ShadowQuality@3] File [C:/Users/tlbender/Documents/GitHub/Bender_SetDressing/Bender_Set_Dressing/Saved/Config/Windows/Scalability.ini]
[2020.02.06-22.32.29:737][  0]LogConfig: Setting CVar [[r.LightFunctionQuality:1]]
[2020.02.06-22.32.29:737][  0]LogConfig: Setting CVar [[r.ShadowQuality:5]]
[2020.02.06-22.32.29:737][  0]LogConfig: Setting CVar [[r.Shadow.CSM.MaxCascades:10]]
[2020.02.06-22.32.29:737][  0]LogConfig: Setting CVar [[r.Shadow.MaxResolution:2048]]
[2020.02.06-22.32.29:737][  0]LogConfig: Setting CVar [[r.Shadow.MaxCSMResolution:2048]]
[2020.02.06-22.32.29:737][  0]LogConfig: Setting CVar [[r.Shadow.RadiusThreshold:0.01]]
[2020.02.06-22.32.29:737][  0]LogConfig: Setting CVar [[r.Shadow.DistanceScale:1.0]]
[2020.02.06-22.32.29:737][  0]LogConfig: Setting CVar [[r.Shadow.CSM.TransitionScale:1.0]]
[2020.02.06-22.32.29:737][  0]LogConfig: Setting CVar [[r.Shadow.PreShadowResolutionFactor:1.0]]
[2020.02.06-22.32.29:737][  0]LogConfig: Setting CVar [[r.DistanceFieldShadowing:1]]
[2020.02.06-22.32.29:737][  0]LogConfig: Setting CVar [[r.DistanceFieldAO:1]]
[2020.02.06-22.32.29:737][  0]LogConfig: Setting CVar [[r.AOQuality:2]]
[2020.02.06-22.32.29:737][  0]LogConfig: Setting CVar [[r.VolumetricFog:1]]
[2020.02.06-22.32.29:737][  0]LogConfig: Setting CVar [[r.VolumetricFog.GridPixelSize:8]]
[2020.02.06-22.32.29:737][  0]LogConfig: Setting CVar [[r.VolumetricFog.GridSizeZ:128]]
[2020.02.06-22.32.29:738][  0]LogConfig: Setting CVar [[r.VolumetricFog.HistoryMissSupersampleCount:4]]
[2020.02.06-22.32.29:738][  0]LogConfig: Setting CVar [[r.LightMaxDrawDistanceScale:1]]
[2020.02.06-22.32.29:738][  0]LogConfig: Setting CVar [[r.CapsuleShadows:1]]
[2020.02.06-22.32.29:738][  0]LogConfig: Applying CVar settings from Section [PostProcessQuality@3] File [C:/Users/tlbender/Documents/GitHub/Bender_SetDressing/Bender_Set_Dressing/Saved/Config/Windows/Scalability.ini]
[2020.02.06-22.32.29:738][  0]LogConfig: Setting CVar [[r.MotionBlurQuality:4]]
[2020.02.06-22.32.29:738][  0]LogConfig: Setting CVar [[r.AmbientOcclusionMipLevelFactor:0.4]]
[2020.02.06-22.32.29:738][  0]LogConfig: Setting CVar [[r.AmbientOcclusionMaxQuality:100]]
[2020.02.06-22.32.29:738][  0]LogConfig: Setting CVar [[r.AmbientOcclusionLevels:-1]]
[2020.02.06-22.32.29:738][  0]LogConfig: Setting CVar [[r.AmbientOcclusionRadiusScale:1.0]]
[2020.02.06-22.32.29:738][  0]LogConfig: Setting CVar [[r.DepthOfFieldQuality:2]]
[2020.02.06-22.32.29:738][  0]LogConfig: Setting CVar [[r.RenderTargetPoolMin:400]]
[2020.02.06-22.32.29:738][  0]LogConfig: Setting CVar [[r.LensFlareQuality:2]]
[2020.02.06-22.32.29:738][  0]LogConfig: Setting CVar [[r.SceneColorFringeQuality:1]]
[2020.02.06-22.32.29:738][  0]LogConfig: Setting CVar [[r.EyeAdaptationQuality:2]]
[2020.02.06-22.32.29:738][  0]LogConfig: Setting CVar [[r.BloomQuality:5]]
[2020.02.06-22.32.29:738][  0]LogConfig: Setting CVar [[r.FastBlurThreshold:100]]
[2020.02.06-22.32.29:738][  0]LogConfig: Setting CVar [[r.Upscale.Quality:3]]
[2020.02.06-22.32.29:738][  0]LogConfig: Setting CVar [[r.Tonemapper.GrainQuantization:1]]
[2020.02.06-22.32.29:738][  0]LogConfig: Setting CVar [[r.LightShaftQuality:1]]
[2020.02.06-22.32.29:738][  0]LogConfig: Setting CVar [[r.Filter.SizeScale:1]]
[2020.02.06-22.32.29:738][  0]LogConfig: Setting CVar [[r.Tonemapper.Quality:5]]
[2020.02.06-22.32.29:738][  0]LogConfig: Setting CVar [[r.DOF.Gather.AccumulatorQuality:1        ; higher gathering accumulator quality]]
[2020.02.06-22.32.29:738][  0]LogConfig: Setting CVar [[r.DOF.Gather.PostfilterMethod:1          ; Median3x3 postfilering method]]
[2020.02.06-22.32.29:738][  0]LogConfig: Setting CVar [[r.DOF.Gather.EnableBokehSettings:0       ; no bokeh simulation when gathering]]
[2020.02.06-22.32.29:738][  0]LogConfig: Setting CVar [[r.DOF.Gather.RingCount:4                 ; medium number of samples when gathering]]
[2020.02.06-22.32.29:738][  0]LogConfig: Setting CVar [[r.DOF.Scatter.ForegroundCompositing:1    ; additive foreground scattering]]
[2020.02.06-22.32.29:738][  0]LogConfig: Setting CVar [[r.DOF.Scatter.BackgroundCompositing:2    ; additive background scattering]]
[2020.02.06-22.32.29:738][  0]LogConfig: Setting CVar [[r.DOF.Scatter.EnableBokehSettings:1      ; bokeh simulation when scattering]]
[2020.02.06-22.32.29:738][  0]LogConfig: Setting CVar [[r.DOF.Scatter.MaxSpriteRatio:0.1         ; only a maximum of 10% of scattered bokeh]]
[2020.02.06-22.32.29:738][  0]LogConfig: Setting CVar [[r.DOF.Recombine.Quality:1                ; cheap slight out of focus]]
[2020.02.06-22.32.29:738][  0]LogConfig: Setting CVar [[r.DOF.Recombine.EnableBokehSettings:0    ; no bokeh simulation on slight out of focus]]
[2020.02.06-22.32.29:738][  0]LogConfig: Setting CVar [[r.DOF.TemporalAAQuality:1                ; more stable temporal accumulation]]
[2020.02.06-22.32.29:738][  0]LogConfig: Setting CVar [[r.DOF.Kernel.MaxForegroundRadius:0.025]]
[2020.02.06-22.32.29:738][  0]LogConfig: Setting CVar [[r.DOF.Kernel.MaxBackgroundRadius:0.025]]
[2020.02.06-22.32.29:738][  0]LogConfig: Applying CVar settings from Section [TextureQuality@3] File [C:/Users/tlbender/Documents/GitHub/Bender_SetDressing/Bender_Set_Dressing/Saved/Config/Windows/Scalability.ini]
[2020.02.06-22.32.29:738][  0]LogConfig: Setting CVar [[r.Streaming.MipBias:0]]
[2020.02.06-22.32.29:738][  0]LogConfig: Setting CVar [[r.Streaming.AmortizeCPUToGPUCopy:0]]
[2020.02.06-22.32.29:738][  0]LogConfig: Setting CVar [[r.Streaming.MaxNumTexturesToStreamPerFrame:0]]
[2020.02.06-22.32.29:738][  0]LogConfig: Setting CVar [[r.Streaming.Boost:1]]
[2020.02.06-22.32.29:738][  0]LogConfig: Setting CVar [[r.MaxAnisotropy:8]]
[2020.02.06-22.32.29:738][  0]LogConfig: Setting CVar [[r.Streaming.LimitPoolSizeToVRAM:0]]
[2020.02.06-22.32.29:738][  0]LogConfig: Setting CVar [[r.Streaming.PoolSize:1000]]
[2020.02.06-22.32.29:738][  0]LogConfig: Setting CVar [[r.Streaming.MaxEffectiveScreenSize:0]]
[2020.02.06-22.32.29:738][  0]LogConfig: Applying CVar settings from Section [EffectsQuality@3] File [C:/Users/tlbender/Documents/GitHub/Bender_SetDressing/Bender_Set_Dressing/Saved/Config/Windows/Scalability.ini]
[2020.02.06-22.32.29:738][  0]LogConfig: Setting CVar [[r.TranslucencyLightingVolumeDim:64]]
[2020.02.06-22.32.29:738][  0]LogConfig: Setting CVar [[r.RefractionQuality:2]]
[2020.02.06-22.32.29:738][  0]LogConfig: Setting CVar [[r.SSR.Quality:3]]
[2020.02.06-22.32.29:738][  0]LogConfig: Setting CVar [[r.SceneColorFormat:4]]
[2020.02.06-22.32.29:738][  0]LogConfig: Setting CVar [[r.DetailMode:2]]
[2020.02.06-22.32.29:738][  0]LogConfig: Setting CVar [[r.TranslucencyVolumeBlur:1]]
[2020.02.06-22.32.29:738][  0]LogConfig: Setting CVar [[r.MaterialQualityLevel:1 ; High quality]]
[2020.02.06-22.32.29:738][  0]LogConfig: Setting CVar [[r.SSS.Scale:1]]
[2020.02.06-22.32.29:738][  0]LogConfig: Setting CVar [[r.SSS.SampleSet:2]]
[2020.02.06-22.32.29:738][  0]LogConfig: Setting CVar [[r.SSS.Quality:1]]
[2020.02.06-22.32.29:738][  0]LogConfig: Setting CVar [[r.SSS.HalfRes:1]]
[2020.02.06-22.32.29:738][  0]LogConfig: Setting CVar [[r.EmitterSpawnRateScale:1.0]]
[2020.02.06-22.32.29:738][  0]LogConfig: Setting CVar [[r.ParticleLightQuality:2]]
[2020.02.06-22.32.29:738][  0]LogConfig: Applying CVar settings from Section [FoliageQuality@3] File [C:/Users/tlbender/Documents/GitHub/Bender_SetDressing/Bender_Set_Dressing/Saved/Config/Windows/Scalability.ini]
[2020.02.06-22.32.29:738][  0]LogConfig: Setting CVar [[foliage.DensityScale:1.0]]
[2020.02.06-22.32.29:738][  0]LogConfig: Setting CVar [[grass.DensityScale:1.0]]
[2020.02.06-22.32.29:738][  0]LogInit: Selected Device Profile: [Windows]
[2020.02.06-22.32.29:738][  0]LogInit: Applying CVar settings loaded from the selected device profile: [Windows]
[2020.02.06-22.32.29:747][  0]LogHAL: Display: Platform has ~ 16 GB [17093287936 / 17179869184 / 16], which maps to Larger [LargestMinGB=32, LargerMinGB=12, DefaultMinGB=8, SmallerMinGB=6, SmallestMinGB=0)
[2020.02.06-22.32.29:748][  0]LogConfig: Setting CVar [[r.Vulkan.UseRealUBs:0		; Required until we fix HLR fall-out]]
[2020.02.06-22.32.29:748][  0]LogInit: Going up to parent DeviceProfile []
[2020.02.06-22.32.29:748][  0]LogConfig: Applying CVar settings from Section [ViewDistanceQuality@3] File [C:/Users/tlbender/Documents/GitHub/Bender_SetDressing/Bender_Set_Dressing/Saved/Config/Windows/Scalability.ini]
[2020.02.06-22.32.29:748][  0]LogConfig: Setting CVar [[r.SkeletalMeshLODBias:0]]
[2020.02.06-22.32.29:748][  0]LogConfig: Setting CVar [[r.ViewDistanceScale:1.0]]
[2020.02.06-22.32.29:748][  0]LogConfig: Applying CVar settings from Section [AntiAliasingQuality@3] File [C:/Users/tlbender/Documents/GitHub/Bender_SetDressing/Bender_Set_Dressing/Saved/Config/Windows/Scalability.ini]
[2020.02.06-22.32.29:748][  0]LogConfig: Setting CVar [[r.PostProcessAAQuality:4]]
[2020.02.06-22.32.29:748][  0]LogConfig: Applying CVar settings from Section [ShadowQuality@3] File [C:/Users/tlbender/Documents/GitHub/Bender_SetDressing/Bender_Set_Dressing/Saved/Config/Windows/Scalability.ini]
[2020.02.06-22.32.29:748][  0]LogConfig: Setting CVar [[r.LightFunctionQuality:1]]
[2020.02.06-22.32.29:748][  0]LogConfig: Setting CVar [[r.ShadowQuality:5]]
[2020.02.06-22.32.29:748][  0]LogConfig: Setting CVar [[r.Shadow.CSM.MaxCascades:10]]
[2020.02.06-22.32.29:748][  0]LogConfig: Setting CVar [[r.Shadow.MaxResolution:2048]]
[2020.02.06-22.32.29:748][  0]LogConfig: Setting CVar [[r.Shadow.MaxCSMResolution:2048]]
[2020.02.06-22.32.29:748][  0]LogConfig: Setting CVar [[r.Shadow.RadiusThreshold:0.01]]
[2020.02.06-22.32.29:748][  0]LogConfig: Setting CVar [[r.Shadow.DistanceScale:1.0]]
[2020.02.06-22.32.29:748][  0]LogConfig: Setting CVar [[r.Shadow.CSM.TransitionScale:1.0]]
[2020.02.06-22.32.29:748][  0]LogConfig: Setting CVar [[r.Shadow.PreShadowResolutionFactor:1.0]]
[2020.02.06-22.32.29:748][  0]LogConfig: Setting CVar [[r.DistanceFieldShadowing:1]]
[2020.02.06-22.32.29:748][  0]LogConfig: Setting CVar [[r.DistanceFieldAO:1]]
[2020.02.06-22.32.29:748][  0]LogConfig: Setting CVar [[r.AOQuality:2]]
[2020.02.06-22.32.29:748][  0]LogConfig: Setting CVar [[r.VolumetricFog:1]]
[2020.02.06-22.32.29:748][  0]LogConfig: Setting CVar [[r.VolumetricFog.GridPixelSize:8]]
[2020.02.06-22.32.29:748][  0]LogConfig: Setting CVar [[r.VolumetricFog.GridSizeZ:128]]
[2020.02.06-22.32.29:748][  0]LogConfig: Setting CVar [[r.VolumetricFog.HistoryMissSupersampleCount:4]]
[2020.02.06-22.32.29:748][  0]LogConfig: Setting CVar [[r.LightMaxDrawDistanceScale:1]]
[2020.02.06-22.32.29:748][  0]LogConfig: Setting CVar [[r.CapsuleShadows:1]]
[2020.02.06-22.32.29:748][  0]LogConfig: Applying CVar settings from Section [PostProcessQuality@3] File [C:/Users/tlbender/Documents/GitHub/Bender_SetDressing/Bender_Set_Dressing/Saved/Config/Windows/Scalability.ini]
[2020.02.06-22.32.29:748][  0]LogConfig: Setting CVar [[r.MotionBlurQuality:4]]
[2020.02.06-22.32.29:748][  0]LogConfig: Setting CVar [[r.AmbientOcclusionMipLevelFactor:0.4]]
[2020.02.06-22.32.29:748][  0]LogConfig: Setting CVar [[r.AmbientOcclusionMaxQuality:100]]
[2020.02.06-22.32.29:748][  0]LogConfig: Setting CVar [[r.AmbientOcclusionLevels:-1]]
[2020.02.06-22.32.29:748][  0]LogConfig: Setting CVar [[r.AmbientOcclusionRadiusScale:1.0]]
[2020.02.06-22.32.29:748][  0]LogConfig: Setting CVar [[r.DepthOfFieldQuality:2]]
[2020.02.06-22.32.29:748][  0]LogConfig: Setting CVar [[r.RenderTargetPoolMin:400]]
[2020.02.06-22.32.29:748][  0]LogConfig: Setting CVar [[r.LensFlareQuality:2]]
[2020.02.06-22.32.29:748][  0]LogConfig: Setting CVar [[r.SceneColorFringeQuality:1]]
[2020.02.06-22.32.29:748][  0]LogConfig: Setting CVar [[r.EyeAdaptationQuality:2]]
[2020.02.06-22.32.29:748][  0]LogConfig: Setting CVar [[r.BloomQuality:5]]
[2020.02.06-22.32.29:748][  0]LogConfig: Setting CVar [[r.FastBlurThreshold:100]]
[2020.02.06-22.32.29:748][  0]LogConfig: Setting CVar [[r.Upscale.Quality:3]]
[2020.02.06-22.32.29:748][  0]LogConfig: Setting CVar [[r.Tonemapper.GrainQuantization:1]]
[2020.02.06-22.32.29:748][  0]LogConfig: Setting CVar [[r.LightShaftQuality:1]]
[2020.02.06-22.32.29:748][  0]LogConfig: Setting CVar [[r.Filter.SizeScale:1]]
[2020.02.06-22.32.29:748][  0]LogConfig: Setting CVar [[r.Tonemapper.Quality:5]]
[2020.02.06-22.32.29:748][  0]LogConfig: Setting CVar [[r.DOF.Gather.AccumulatorQuality:1        ; higher gathering accumulator quality]]
[2020.02.06-22.32.29:748][  0]LogConfig: Setting CVar [[r.DOF.Gather.PostfilterMethod:1          ; Median3x3 postfilering method]]
[2020.02.06-22.32.29:748][  0]LogConfig: Setting CVar [[r.DOF.Gather.EnableBokehSettings:0       ; no bokeh simulation when gathering]]
[2020.02.06-22.32.29:748][  0]LogConfig: Setting CVar [[r.DOF.Gather.RingCount:4                 ; medium number of samples when gathering]]
[2020.02.06-22.32.29:748][  0]LogConfig: Setting CVar [[r.DOF.Scatter.ForegroundCompositing:1    ; additive foreground scattering]]
[2020.02.06-22.32.29:748][  0]LogConfig: Setting CVar [[r.DOF.Scatter.BackgroundCompositing:2    ; additive background scattering]]
[2020.02.06-22.32.29:748][  0]LogConfig: Setting CVar [[r.DOF.Scatter.EnableBokehSettings:1      ; bokeh simulation when scattering]]
[2020.02.06-22.32.29:748][  0]LogConfig: Setting CVar [[r.DOF.Scatter.MaxSpriteRatio:0.1         ; only a maximum of 10% of scattered bokeh]]
[2020.02.06-22.32.29:748][  0]LogConfig: Setting CVar [[r.DOF.Recombine.Quality:1                ; cheap slight out of focus]]
[2020.02.06-22.32.29:748][  0]LogConfig: Setting CVar [[r.DOF.Recombine.EnableBokehSettings:0    ; no bokeh simulation on slight out of focus]]
[2020.02.06-22.32.29:748][  0]LogConfig: Setting CVar [[r.DOF.TemporalAAQuality:1                ; more stable temporal accumulation]]
[2020.02.06-22.32.29:748][  0]LogConfig: Setting CVar [[r.DOF.Kernel.MaxForegroundRadius:0.025]]
[2020.02.06-22.32.29:748][  0]LogConfig: Setting CVar [[r.DOF.Kernel.MaxBackgroundRadius:0.025]]
[2020.02.06-22.32.29:748][  0]LogConfig: Applying CVar settings from Section [TextureQuality@3] File [C:/Users/tlbender/Documents/GitHub/Bender_SetDressing/Bender_Set_Dressing/Saved/Config/Windows/Scalability.ini]
[2020.02.06-22.32.29:748][  0]LogConfig: Setting CVar [[r.Streaming.MipBias:0]]
[2020.02.06-22.32.29:748][  0]LogConfig: Setting CVar [[r.Streaming.AmortizeCPUToGPUCopy:0]]
[2020.02.06-22.32.29:748][  0]LogConfig: Setting CVar [[r.Streaming.MaxNumTexturesToStreamPerFrame:0]]
[2020.02.06-22.32.29:748][  0]LogConfig: Setting CVar [[r.Streaming.Boost:1]]
[2020.02.06-22.32.29:748][  0]LogConfig: Setting CVar [[r.MaxAnisotropy:8]]
[2020.02.06-22.32.29:748][  0]LogConfig: Setting CVar [[r.Streaming.LimitPoolSizeToVRAM:0]]
[2020.02.06-22.32.29:748][  0]LogConfig: Setting CVar [[r.Streaming.PoolSize:1000]]
[2020.02.06-22.32.29:748][  0]LogConfig: Setting CVar [[r.Streaming.MaxEffectiveScreenSize:0]]
[2020.02.06-22.32.29:748][  0]LogConfig: Applying CVar settings from Section [EffectsQuality@3] File [C:/Users/tlbender/Documents/GitHub/Bender_SetDressing/Bender_Set_Dressing/Saved/Config/Windows/Scalability.ini]
[2020.02.06-22.32.29:748][  0]LogConfig: Setting CVar [[r.TranslucencyLightingVolumeDim:64]]
[2020.02.06-22.32.29:748][  0]LogConfig: Setting CVar [[r.RefractionQuality:2]]
[2020.02.06-22.32.29:748][  0]LogConfig: Setting CVar [[r.SSR.Quality:3]]
[2020.02.06-22.32.29:748][  0]LogConfig: Setting CVar [[r.SceneColorFormat:4]]
[2020.02.06-22.32.29:748][  0]LogConfig: Setting CVar [[r.DetailMode:2]]
[2020.02.06-22.32.29:748][  0]LogConfig: Setting CVar [[r.TranslucencyVolumeBlur:1]]
[2020.02.06-22.32.29:748][  0]LogConfig: Setting CVar [[r.MaterialQualityLevel:1 ; High quality]]
[2020.02.06-22.32.29:748][  0]LogConfig: Setting CVar [[r.SSS.Scale:1]]
[2020.02.06-22.32.29:748][  0]LogConfig: Setting CVar [[r.SSS.SampleSet:2]]
[2020.02.06-22.32.29:748][  0]LogConfig: Setting CVar [[r.SSS.Quality:1]]
[2020.02.06-22.32.29:748][  0]LogConfig: Setting CVar [[r.SSS.HalfRes:1]]
[2020.02.06-22.32.29:748][  0]LogConfig: Setting CVar [[r.EmitterSpawnRateScale:1.0]]
[2020.02.06-22.32.29:748][  0]LogConfig: Setting CVar [[r.ParticleLightQuality:2]]
[2020.02.06-22.32.29:748][  0]LogConfig: Applying CVar settings from Section [FoliageQuality@3] File [C:/Users/tlbender/Documents/GitHub/Bender_SetDressing/Bender_Set_Dressing/Saved/Config/Windows/Scalability.ini]
[2020.02.06-22.32.29:748][  0]LogConfig: Setting CVar [[foliage.DensityScale:1.0]]
[2020.02.06-22.32.29:748][  0]LogConfig: Setting CVar [[grass.DensityScale:1.0]]
[2020.02.06-22.32.29:748][  0]LogConfig: Applying CVar settings from Section [Startup] File [../../../Engine/Config/ConsoleVariables.ini]
[2020.02.06-22.32.29:748][  0]LogConfig: Setting CVar [[net.UseAdaptiveNetUpdateFrequency:0]]
[2020.02.06-22.32.29:748][  0]LogConfig: Setting CVar [[p.chaos.AllowCreatePhysxBodies:1]]
[2020.02.06-22.32.29:748][  0]LogConfig: Applying CVar settings from Section [ConsoleVariables] File [C:/Users/tlbender/Documents/GitHub/Bender_SetDressing/Bender_Set_Dressing/Saved/Config/Windows/Engine.ini]
[2020.02.06-22.32.29:749][  0]LogInit: Computer: IULB-V-FF035-06
[2020.02.06-22.32.29:749][  0]LogInit: User: tlbender
[2020.02.06-22.32.29:749][  0]LogInit: CPU Page size=4096, Cores=8
[2020.02.06-22.32.29:749][  0]LogInit: High frequency timer resolution =10.000000 MHz
[2020.02.06-22.32.29:749][  0]LogMemory: Memory total: Physical=15.9GB (16GB approx)
[2020.02.06-22.32.29:749][  0]LogMemory: Platform Memory Stats for Windows
[2020.02.06-22.32.29:749][  0]LogMemory: Process Physical Memory: 101.57 MB used, 101.58 MB peak
[2020.02.06-22.32.29:749][  0]LogMemory: Process Virtual Memory: 98.06 MB used, 98.06 MB peak
[2020.02.06-22.32.29:749][  0]LogMemory: Physical Memory: 4235.29 MB used,  12066.14 MB free, 16301.43 MB total
[2020.02.06-22.32.29:749][  0]LogMemory: Virtual Memory: 4714.83 MB used,  134213016.00 MB free, 134217728.00 MB total
[2020.02.06-22.32.29:763][  0]LogInit: Using OS detected language (en-US).
[2020.02.06-22.32.29:763][  0]LogInit: Using OS detected locale (en-US).
[2020.02.06-22.32.29:763][  0]LogTextLocalizationManager: No specific localization for 'en-US' exists, so the 'en' localization will be used.
[2020.02.06-22.32.29:862][  0]LogInit: Setting process to per monitor DPI aware
[2020.02.06-22.32.29:887][  0]LogSlate: New Slate User Created.  User Index 0, Is Virtual User: 0
[2020.02.06-22.32.29:887][  0]LogSlate: Slate User Registered.  User Index 0, Is Virtual User: 0
[2020.02.06-22.32.29:993][  0]LogHMD: Failed to initialize OpenVR with code 110
[2020.02.06-22.32.29:993][  0]LogD3D11RHI: D3D11 adapters:
[2020.02.06-22.32.30:057][  0]LogD3D11RHI:    0. 'NVIDIA GeForce RTX 2080' (Feature Level 11_0)
[2020.02.06-22.32.30:057][  0]LogD3D11RHI:       8010/0/8150 MB DedicatedVideo/DedicatedSystem/SharedSystem, Outputs:1, VendorId:0x10de
[2020.02.06-22.32.30:059][  0]LogD3D11RHI:    1. 'Microsoft Basic Render Driver' (Feature Level 11_0)
[2020.02.06-22.32.30:059][  0]LogD3D11RHI:       0/0/8150 MB DedicatedVideo/DedicatedSystem/SharedSystem, Outputs:0, VendorId:0x1414
[2020.02.06-22.32.30:059][  0]LogD3D11RHI: Chosen D3D11 Adapter: 0
[2020.02.06-22.32.30:064][  0]LogD3D11RHI: Creating new Direct3DDevice
[2020.02.06-22.32.30:064][  0]LogD3D11RHI:     GPU DeviceId: 0x1e82 (for the marketing name, search the web for "GPU Device Id")
[2020.02.06-22.32.30:064][  0]LogWindows: EnumDisplayDevices:
[2020.02.06-22.32.30:064][  0]LogWindows:    0. 'NVIDIA GeForce RTX 2080' (P:1 D:1)
[2020.02.06-22.32.30:064][  0]LogWindows:    1. 'NVIDIA GeForce RTX 2080' (P:0 D:0)
[2020.02.06-22.32.30:064][  0]LogWindows:    2. 'NVIDIA GeForce RTX 2080' (P:0 D:0)
[2020.02.06-22.32.30:064][  0]LogWindows:    3. 'NVIDIA GeForce RTX 2080' (P:0 D:0)
[2020.02.06-22.32.30:064][  0]LogWindows:    4. 'Freedom Scientific Accessibility Display Driver' (P:0 D:0)
[2020.02.06-22.32.30:065][  0]LogWindows: DebugString: GetVideoDriverDetailsInvalid PrimaryIsNotTheChoosenAdapter FoundDriverCount:4 
[2020.02.06-22.32.30:065][  0]LogD3D11RHI:     Adapter Name: NVIDIA GeForce RTX 2080
[2020.02.06-22.32.30:065][  0]LogD3D11RHI:   Driver Version: 430.86 (internal:26.21.14.3086, unified:430.86)
[2020.02.06-22.32.30:065][  0]LogD3D11RHI:      Driver Date: 5-22-2019
[2020.02.06-22.32.30:065][  0]LogRHI: Texture pool is 5607 MB (70% of 8010 MB)
[2020.02.06-22.32.30:099][  0]LogD3D11RHI: Async texture creation enabled
[2020.02.06-22.32.30:102][  0]LogRendererCore: FGlobalReadBuffer::InitRHI
[2020.02.06-22.32.30:102][  0]LogRendererCore: FGlobalReadBuffer::InitRHI
[2020.02.06-22.32.30:102][  0]LogRendererCore: FGlobalReadBuffer::InitRHI
[2020.02.06-22.32.30:116][  0]LogD3D11RHI: GPU Timing Frequency: 1000.000000 (Debug: 2 2)
[2020.02.06-22.32.30:359][  0]LogTemp: Display: Module 'AllDesktopTargetPlatform' loaded TargetPlatform 'AllDesktop'
[2020.02.06-22.32.30:369][  0]LogTemp: Display: Module 'MacClientTargetPlatform' loaded TargetPlatform 'MacClient'
[2020.02.06-22.32.30:378][  0]LogTemp: Display: Module 'MacNoEditorTargetPlatform' loaded TargetPlatform 'MacNoEditor'
[2020.02.06-22.32.30:388][  0]LogTemp: Display: Module 'MacServerTargetPlatform' loaded TargetPlatform 'MacServer'
[2020.02.06-22.32.30:397][  0]LogTemp: Display: Module 'MacTargetPlatform' loaded TargetPlatform 'Mac'
[2020.02.06-22.32.30:407][  0]LogTemp: Display: Module 'WindowsClientTargetPlatform' loaded TargetPlatform 'WindowsClient'
[2020.02.06-22.32.30:416][  0]LogTemp: Display: Module 'WindowsNoEditorTargetPlatform' loaded TargetPlatform 'WindowsNoEditor'
[2020.02.06-22.32.30:426][  0]LogTemp: Display: Module 'WindowsServerTargetPlatform' loaded TargetPlatform 'WindowsServer'
[2020.02.06-22.32.30:430][  0]LogTemp: Display: Module 'WindowsTargetPlatform' loaded TargetPlatform 'Windows'
[2020.02.06-22.32.30:487][  0]LogTemp: Display: Module 'AndroidTargetPlatform' loaded TargetPlatform 'Android'
[2020.02.06-22.32.30:487][  0]LogTemp: Display: Module 'AndroidTargetPlatform' loaded TargetPlatform 'Android_ASTC'
[2020.02.06-22.32.30:487][  0]LogTemp: Display: Module 'AndroidTargetPlatform' loaded TargetPlatform 'Android_ATC'
[2020.02.06-22.32.30:487][  0]LogTemp: Display: Module 'AndroidTargetPlatform' loaded TargetPlatform 'Android_DXT'
[2020.02.06-22.32.30:487][  0]LogTemp: Display: Module 'AndroidTargetPlatform' loaded TargetPlatform 'Android_ETC1'
[2020.02.06-22.32.30:487][  0]LogTemp: Display: Module 'AndroidTargetPlatform' loaded TargetPlatform 'Android_ETC1a'
[2020.02.06-22.32.30:487][  0]LogTemp: Display: Module 'AndroidTargetPlatform' loaded TargetPlatform 'Android_ETC2'
[2020.02.06-22.32.30:487][  0]LogTemp: Display: Module 'AndroidTargetPlatform' loaded TargetPlatform 'Android_PVRTC'
[2020.02.06-22.32.30:487][  0]LogTemp: Display: Module 'AndroidTargetPlatform' loaded TargetPlatform 'AndroidClient'
[2020.02.06-22.32.30:487][  0]LogTemp: Display: Module 'AndroidTargetPlatform' loaded TargetPlatform 'Android_ASTCClient'
[2020.02.06-22.32.30:487][  0]LogTemp: Display: Module 'AndroidTargetPlatform' loaded TargetPlatform 'Android_ATCClient'
[2020.02.06-22.32.30:487][  0]LogTemp: Display: Module 'AndroidTargetPlatform' loaded TargetPlatform 'Android_DXTClient'
[2020.02.06-22.32.30:487][  0]LogTemp: Display: Module 'AndroidTargetPlatform' loaded TargetPlatform 'Android_ETC1Client'
[2020.02.06-22.32.30:487][  0]LogTemp: Display: Module 'AndroidTargetPlatform' loaded TargetPlatform 'Android_ETC1aClient'
[2020.02.06-22.32.30:487][  0]LogTemp: Display: Module 'AndroidTargetPlatform' loaded TargetPlatform 'Android_ETC2Client'
[2020.02.06-22.32.30:487][  0]LogTemp: Display: Module 'AndroidTargetPlatform' loaded TargetPlatform 'Android_PVRTCClient'
[2020.02.06-22.32.30:487][  0]LogTemp: Display: Module 'AndroidTargetPlatform' loaded TargetPlatform 'Android_Multi'
[2020.02.06-22.32.30:487][  0]LogTemp: Display: Module 'AndroidTargetPlatform' loaded TargetPlatform 'Android_MultiClient'
[2020.02.06-22.32.30:488][  0]LogTemp: Display: Module 'HTML5TargetPlatform' loaded TargetPlatform 'HTML5'
[2020.02.06-22.32.30:529][  0]LogTemp: Display: Module 'IOSTargetPlatform' loaded TargetPlatform 'IOSClient'
[2020.02.06-22.32.30:529][  0]LogTemp: Display: Module 'IOSTargetPlatform' loaded TargetPlatform 'IOS'
[2020.02.06-22.32.30:545][  0]LogTemp: Display: Module 'TVOSTargetPlatform' loaded TargetPlatform 'TVOSClient'
[2020.02.06-22.32.30:545][  0]LogTemp: Display: Module 'TVOSTargetPlatform' loaded TargetPlatform 'TVOS'
[2020.02.06-22.32.30:554][  0]LogTemp: Display: Module 'LinuxClientTargetPlatform' loaded TargetPlatform 'LinuxClient'
[2020.02.06-22.32.30:562][  0]LogTemp: Display: Module 'LinuxNoEditorTargetPlatform' loaded TargetPlatform 'LinuxNoEditor'
[2020.02.06-22.32.30:571][  0]LogTemp: Display: Module 'LinuxServerTargetPlatform' loaded TargetPlatform 'LinuxServer'
[2020.02.06-22.32.30:580][  0]LogTemp: Display: Module 'LinuxTargetPlatform' loaded TargetPlatform 'Linux'
[2020.02.06-22.32.30:610][  0]LogTemp: Display: Module 'LuminTargetPlatform' loaded TargetPlatform 'Lumin'
[2020.02.06-22.32.30:610][  0]LogTemp: Display: Module 'LuminTargetPlatform' loaded TargetPlatform 'LuminClient'
[2020.02.06-22.32.30:610][  0]LogTargetPlatformManager: Display: Building Assets For Windows
[2020.02.06-22.32.30:616][  0]LogAudioDebug: Display: Lib vorbis DLL was dynamically loaded.
[2020.02.06-22.32.30:648][  0]LogShaderCompilers: Guid format shader working directory is -41 characters bigger than the processId version (../../../../../../../Users/tlbender/Documents/GitHub/Bender_SetDressing/Bender_Set_Dressing/Intermediate/Shaders/WorkingDirectory/572/).
[2020.02.06-22.32.30:648][  0]LogShaderCompilers: Cleaned the shader compiler working directory 'C:/Users/tlbender/AppData/Local/Temp/UnrealShaderWorkingDir/9C6471024E21133DB62807A85061BE0D/'.
[2020.02.06-22.32.30:650][  0]LogXGEController: Cannot use XGE Controller as Incredibuild is not installed on this machine.
[2020.02.06-22.32.30:650][  0]LogShaderCompilers: Cannot use XGE Shader Compiler as Incredibuild is not installed on this machine.
[2020.02.06-22.32.30:650][  0]LogShaderCompilers: Display: Using Local Shader Compiler.
[2020.02.06-22.32.31:033][  0]LogDerivedDataCache: Display: Max Cache Size: 512 MB
[2020.02.06-22.32.31:075][  0]LogDerivedDataCache: Loaded boot cache 0.04s 73MB C:/Users/tlbender/AppData/Local/UnrealEngine/4.22/DerivedDataCache/Boot.ddc.
[2020.02.06-22.32.31:075][  0]LogDerivedDataCache: Display: Loaded Boot cache: C:/Users/tlbender/AppData/Local/UnrealEngine/4.22/DerivedDataCache/Boot.ddc
[2020.02.06-22.32.31:075][  0]LogDerivedDataCache: FDerivedDataBackendGraph:  Pak pak cache file ../../../../../../../Users/tlbender/Documents/GitHub/Bender_SetDressing/Bender_Set_Dressing/DerivedDataCache/DDC.ddp not found, will not use a pak cache.
[2020.02.06-22.32.31:075][  0]LogDerivedDataCache: Unable to find inner node Pak for hierarchical cache Hierarchy.
[2020.02.06-22.32.31:075][  0]LogDerivedDataCache: FDerivedDataBackendGraph:  CompressedPak pak cache file ../../../../../../../Users/tlbender/Documents/GitHub/Bender_SetDressing/Bender_Set_Dressing/DerivedDataCache/Compressed.ddp not found, will not use a pak cache.
[2020.02.06-22.32.31:075][  0]LogDerivedDataCache: Unable to find inner node CompressedPak for hierarchical cache Hierarchy.
[2020.02.06-22.32.31:084][  0]LogDerivedDataCache: Display: Pak cache opened for reading ../../../Engine/DerivedDataCache/Compressed.ddp.
[2020.02.06-22.32.31:087][  0]LogDerivedDataCache: Display: Pak cache opened for reading ../../../Enterprise/DerivedDataCache/Compressed.ddp.
[2020.02.06-22.32.31:098][  0]LogDerivedDataCache: Using Local data cache path C:/Users/tlbender/AppData/Local/UnrealEngine/Common/DerivedDataCache: Writable
[2020.02.06-22.32.31:098][  0]LogDerivedDataCache: Shared data cache path not found in *engine.ini, will not use an Shared cache.
[2020.02.06-22.32.31:098][  0]LogDerivedDataCache: Unable to find inner node Shared for hierarchical cache Hierarchy.
[2020.02.06-22.32.31:114][  0]LogMaterial: Verifying Global Shaders for PCD3D_SM5
[2020.02.06-22.32.31:114][  0]LogSlate: Using FreeType 2.6.0
[2020.02.06-22.32.31:115][  0]LogSlate: SlateFontServices - WITH_FREETYPE: 1, WITH_HARFBUZZ: 1
[2020.02.06-22.32.31:178][  0]LogAssetRegistry: FAssetRegistry took 0.0297 seconds to start up
[2020.02.06-22.32.31:399][  0]LogInit: Selected Device Profile: [Windows]
[2020.02.06-22.32.31:493][  0]LogMeshReduction: Using QuadricMeshReduction for automatic static mesh reduction
[2020.02.06-22.32.31:493][  0]LogMeshReduction: Using SimplygonMeshReduction for automatic skeletal mesh reduction
[2020.02.06-22.32.31:493][  0]LogMeshReduction: Using ProxyLODMeshReduction for automatic mesh merging
[2020.02.06-22.32.31:493][  0]LogMeshReduction: No distributed automatic mesh merging module available
[2020.02.06-22.32.31:493][  0]LogMeshMerging: No distributed automatic mesh merging module available
[2020.02.06-22.32.31:500][  0]LogNetVersion: Bender_Set_Dressing 1.0.0, NetCL: 5660361, EngineNetVer: 10, GameNetVer: 0 (Checksum: 3302712745)
[2020.02.06-22.32.31:765][  0]LogPackageLocalizationCache: Processed 10 localized package path(s) for 1 prioritized culture(s) in 0.023759 seconds
[2020.02.06-22.32.31:770][  0]LogUObjectArray: 42205 objects as part of root set at end of initial load.
[2020.02.06-22.32.31:770][  0]LogUObjectAllocator: 7325032 out of 0 bytes used by permanent object pool.
[2020.02.06-22.32.31:770][  0]LogUObjectArray: CloseDisregardForGC: 0/0 objects in disregard for GC pool
[2020.02.06-22.32.32:327][  0]LogTcpMessaging: Initializing TcpMessaging bridge
[2020.02.06-22.32.32:340][  0]LogUdpMessaging: Initializing bridge on interface 0.0.0.0:0 to multicast group 230.0.0.1:6666.
[2020.02.06-22.32.32:429][  0]SourceControl: Source control is disabled
[2020.02.06-22.32.32:429][  0]SourceControl: Source control is disabled
[2020.02.06-22.32.32:430][  0]SourceControl: Source control is disabled
[2020.02.06-22.32.32:431][  0]SourceControl: Source control is disabled
[2020.02.06-22.32.32:480][  0]LogAndroidPermission: UAndroidPermissionCallbackProxy::GetInstance
[2020.02.06-22.32.32:553][  0]LogOcInput: OculusInput pre-init called
[2020.02.06-22.32.33:019][  0]LogEngine: Initializing Engine...
[2020.02.06-22.32.33:019][  0]LogHMD: Failed to initialize OpenVR with code 110
[2020.02.06-22.32.33:019][  0]LogStats: UGameplayTagsManager::InitializeManager -  0.000 s
[2020.02.06-22.32.33:165][  0]LogInit: Initializing FReadOnlyCVARCache
[2020.02.06-22.32.33:180][  0]LogAIModule: Creating AISystem for world Untitled
[2020.02.06-22.32.33:193][  0]LogInit: XAudio2 using 'Optix G24C (NVIDIA High Definition Audio)' : 2 channels at 48 kHz using 16 bits per sample (channel mask 0x3)
[2020.02.06-22.32.33:218][  0]LogInit: FAudioDevice initialized.
[2020.02.06-22.32.33:218][  0]LogNetVersion: Set ProjectVersion to 1.0.0.0. Version Checksum will be recalculated on next use.
[2020.02.06-22.32.33:256][  0]LogDerivedDataCache: Saved boot cache 0.04s 73MB C:/Users/tlbender/AppData/Local/UnrealEngine/4.22/DerivedDataCache/Boot.ddc.
[2020.02.06-22.32.33:264][  0]LogInit: Texture streaming: Enabled
[2020.02.06-22.32.33:277][  0]LogEngineSessionManager: EngineSessionManager initialized
[2020.02.06-22.32.33:294][  0]LogInit: Transaction tracking system initialized
[2020.02.06-22.32.33:310][  0]BlueprintLog: New page: Editor Load
[2020.02.06-22.32.33:366][  0]LocalizationService: Localization service is disabled
[2020.02.06-22.32.33:571][  0]LogFileCache: Scanning file cache for directory 'C:/Users/tlbender/Documents/GitHub/Bender_SetDressing/Bender_Set_Dressing/Content/' took 0.01s
[2020.02.06-22.32.33:572][  0]LogCook: Display: Max memory allowance for cook 16384mb min free memory 0mb
[2020.02.06-22.32.33:572][  0]LogCook: Display: Mobile HDR setting 1
[2020.02.06-22.32.33:683][  0]SourceControl: Source control is disabled
[2020.02.06-22.32.33:683][  0]Cmd: MAP LOAD FILE="../../../../../../../Users/tlbender/Documents/GitHub/Bender_SetDressing/Bender_Set_Dressing/Content/ThirdPersonBP/Maps/SetDressing.umap" TEMPLATE=0 SHOWPROGRESS=1 FEATURELEVEL=3
[2020.02.06-22.32.33:684][  0]LightingResults: New page: Lighting Build
[2020.02.06-22.32.33:685][  0]MapCheck: New page: Map Check
[2020.02.06-22.32.33:685][  0]LightingResults: New page: Lighting Build
[2020.02.06-22.32.33:713][  0]LogUObjectHash: Compacting FUObjectHashTables data took   1.12ms
[2020.02.06-22.32.33:927][  0]LogTexture: Display: Building textures: CNCR03LB (BGRA8, 1251X746)
[2020.02.06-22.32.33:927][  0]LogTexture: Display: Building textures: Marmite (AutoDXT, 1280X1024)
[2020.02.06-22.32.33:927][  0]LogTexture: Display: Building textures: CNCR04LB (BGRA8, 1280X939)
[2020.02.06-22.32.33:927][  0]LogTexture: Display: Building textures: Marmitespecular (AutoDXT, 1280X1024)
[2020.02.06-22.32.33:927][  0]LogTexture: Display: Building textures: Marmitebump (BC5, 1280X1024)
[2020.02.06-22.32.33:927][  0]LogTexture: Display: Building textures: CNCR03L (BGRA8, 1251X746)
[2020.02.06-22.32.33:927][  0]LogTexture: Display: Building textures: Marmitebump (AutoDXT, 1280X1024)
[2020.02.06-22.32.33:927][  0]LogTexture: Display: Building textures: CNCR04L (BGRA8, 1280X939)
[2020.02.06-22.32.33:927][  0]LogMaterial: Display: Missing cached shader map for material lambert3, compiling. 
[2020.02.06-22.32.33:966][  0]LogMaterial: Display: Missing cached shader map for material lambert2, compiling. 
[2020.02.06-22.32.34:533][  0]LogMaterial: Display: Missing cached shader map for material blinn1, compiling. 
[2020.02.06-22.32.34:543][  0]LogStaticMesh: Building static mesh fbxStair...
[2020.02.06-22.32.34:586][  0]LogStaticMesh: Built static mesh [0.04s] /Game/StarterContent/3Dmodels/stairs/StairsLat/fbxStair.fbxStair
[2020.02.06-22.32.34:635][  0]LogMaterial: Display: Missing cached shader map for material M_Metal_Gold, compiling. 
[2020.02.06-22.32.34:769][  0]LogMaterial: Display: Missing cached shader map for material Marmitebump_Mat, compiling. 
[2020.02.06-22.32.34:825][  0]LogAIModule: Creating AISystem for world SetDressing
[2020.02.06-22.32.34:841][  0]LogEditorServer: Finished looking for orphan Actors (0.000 secs)
[2020.02.06-22.32.34:892][  0]LogUObjectHash: Compacting FUObjectHashTables data took   6.57ms
[2020.02.06-22.32.34:892][  0]Cmd: MAP CHECKDEP NOCLEARLOG
[2020.02.06-22.32.34:893][  0]MapCheck: Map check complete: 0 Error(s), 0 Warning(s), took 0.301ms to complete.
[2020.02.06-22.32.34:893][  0]LogFileHelpers: Loading map 'SetDressing' took 1.210
[2020.02.06-22.32.35:111][  0]LogSlate: Updating window title bar state: overlay mode, drag disabled, window buttons hidden, title bar hidden
[2020.02.06-22.32.35:130][  0]LogSlate: Updating window title bar state: overlay mode, drag disabled, window buttons hidden, title bar hidden
[2020.02.06-22.32.35:149][  0]LogSlate: Updating window title bar state: overlay mode, drag disabled, window buttons hidden, title bar hidden
[2020.02.06-22.32.35:167][  0]LogSlate: Updating window title bar state: overlay mode, drag disabled, window buttons hidden, title bar hidden
[2020.02.06-22.32.35:178][  0]LogCollectionManager: Loaded 0 collections in 0.002953 seconds
[2020.02.06-22.32.35:230][  0]LogFileCache: Scanning file cache for directory 'C:/Users/tlbender/Documents/GitHub/Bender_SetDressing/Bender_Set_Dressing/Saved/Collections/' took 0.01s
[2020.02.06-22.32.35:231][  0]LogFileCache: Scanning file cache for directory 'C:/Users/tlbender/Documents/GitHub/Bender_SetDressing/Bender_Set_Dressing/Content/Developers/tlbender/Collections/' took 0.01s
[2020.02.06-22.32.35:231][  0]LogFileCache: Scanning file cache for directory 'C:/Users/tlbender/Documents/GitHub/Bender_SetDressing/Bender_Set_Dressing/Content/Collections/' took 0.01s
[2020.02.06-22.32.35:231][  0]LogCollectionManager: Rebuilt the GUID cache for 0 collections in 0.000002 seconds
[2020.02.06-22.32.35:250][  0]LogContentBrowser: Native class hierarchy populated in 0.0191 seconds. Added 2732 classes and 659 folders.
[2020.02.06-22.32.35:263][  0]LogContentBrowser: Native class hierarchy updated for 'WidgetCarousel' in 0.0007 seconds. Added 0 classes and 0 folders.
[2020.02.06-22.32.35:266][  0]LogPakFile: Registered encryption key '00000000000000000000000000000000': 0 pak files mounted, 0 remain pending
[2020.02.06-22.32.35:267][  0]LogPakFile: Registered encryption key '00000000000000000000000000000000': 0 pak files mounted, 0 remain pending
[2020.02.06-22.32.35:268][  0]LogPakFile: Registered encryption key '00000000000000000000000000000000': 0 pak files mounted, 0 remain pending
[2020.02.06-22.32.35:268][  0]LogPakFile: Registered encryption key '00000000000000000000000000000000': 0 pak files mounted, 0 remain pending
[2020.02.06-22.32.35:269][  0]LogPakFile: Registered encryption key '00000000000000000000000000000000': 0 pak files mounted, 0 remain pending
[2020.02.06-22.32.35:269][  0]LogPakFile: Registered encryption key '00000000000000000000000000000000': 0 pak files mounted, 0 remain pending
[2020.02.06-22.32.35:270][  0]LogPakFile: Registered encryption key '00000000000000000000000000000000': 0 pak files mounted, 0 remain pending
[2020.02.06-22.32.35:270][  0]LogPakFile: Registered encryption key '00000000000000000000000000000000': 0 pak files mounted, 0 remain pending
[2020.02.06-22.32.35:271][  0]LogPakFile: Registered encryption key '00000000000000000000000000000000': 0 pak files mounted, 0 remain pending
[2020.02.06-22.32.35:272][  0]LogPakFile: Registered encryption key '00000000000000000000000000000000': 0 pak files mounted, 0 remain pending
[2020.02.06-22.32.35:272][  0]LogPakFile: Registered encryption key '00000000000000000000000000000000': 0 pak files mounted, 0 remain pending
[2020.02.06-22.32.35:273][  0]LogPakFile: Registered encryption key '00000000000000000000000000000000': 0 pak files mounted, 0 remain pending
[2020.02.06-22.32.35:273][  0]LogPakFile: Registered encryption key '00000000000000000000000000000000': 0 pak files mounted, 0 remain pending
[2020.02.06-22.32.35:274][  0]LogPakFile: Registered encryption key '00000000000000000000000000000000': 0 pak files mounted, 0 remain pending
[2020.02.06-22.32.35:274][  0]LogPakFile: Registered encryption key '00000000000000000000000000000000': 0 pak files mounted, 0 remain pending
[2020.02.06-22.32.35:275][  0]LogPakFile: Registered encryption key '00000000000000000000000000000000': 0 pak files mounted, 0 remain pending
[2020.02.06-22.32.35:275][  0]LogPakFile: Registered encryption key '00000000000000000000000000000000': 0 pak files mounted, 0 remain pending
[2020.02.06-22.32.35:276][  0]LogPakFile: Registered encryption key '00000000000000000000000000000000': 0 pak files mounted, 0 remain pending
[2020.02.06-22.32.35:276][  0]LogPakFile: Registered encryption key '00000000000000000000000000000000': 0 pak files mounted, 0 remain pending
[2020.02.06-22.32.35:277][  0]LogPakFile: Registered encryption key '00000000000000000000000000000000': 0 pak files mounted, 0 remain pending
[2020.02.06-22.32.35:277][  0]LogPakFile: Registered encryption key '00000000000000000000000000000000': 0 pak files mounted, 0 remain pending
[2020.02.06-22.32.35:278][  0]LogPakFile: Registered encryption key '00000000000000000000000000000000': 0 pak files mounted, 0 remain pending
[2020.02.06-22.32.35:278][  0]LogPakFile: Registered encryption key '00000000000000000000000000000000': 0 pak files mounted, 0 remain pending
[2020.02.06-22.32.35:279][  0]LogPakFile: Registered encryption key '00000000000000000000000000000000': 0 pak files mounted, 0 remain pending
[2020.02.06-22.32.35:280][  0]LogPakFile: Registered encryption key '00000000000000000000000000000000': 0 pak files mounted, 0 remain pending
[2020.02.06-22.32.35:280][  0]LogPakFile: Registered encryption key '00000000000000000000000000000000': 0 pak files mounted, 0 remain pending
[2020.02.06-22.32.35:281][  0]LogPakFile: Registered encryption key '00000000000000000000000000000000': 0 pak files mounted, 0 remain pending
[2020.02.06-22.32.35:281][  0]LogPakFile: Registered encryption key '00000000000000000000000000000000': 0 pak files mounted, 0 remain pending
[2020.02.06-22.32.35:325][  0]LogContentBrowser: Native class hierarchy updated for 'AddContentDialog' in 0.0008 seconds. Added 0 classes and 0 folders.
[2020.02.06-22.32.35:342][  0]LogContentBrowser: Native class hierarchy updated for 'SceneOutliner' in 0.0006 seconds. Added 1 classes and 2 folders.
[2020.02.06-22.32.35:375][  0]LogSlate: FSceneViewport::OnFocusLost() reason 2
[2020.02.06-22.32.35:401][  0]LogSlate: Window 'Tutorials' being destroyed
[2020.02.06-22.32.35:446][  0]LogContentBrowser: Native class hierarchy updated for 'HierarchicalLODOutliner' in 0.0006 seconds. Added 0 classes and 0 folders.
[2020.02.06-22.32.35:447][  0]LogLoad: (Engine Initialization) Total time: 7.91 seconds
[2020.02.06-22.32.35:447][  0]LogLoad: (Engine Initialization) Total Blueprint compile time: 0.00 seconds
[2020.02.06-22.32.35:519][  0]LogContentStreaming: Texture pool size now 1000 MB
[2020.02.06-22.32.35:523][  0]LogSlate: Took 0.000904 seconds to synchronously load lazily loaded font '../../../Engine/Content/Slate/Fonts/Roboto-Regular.ttf' (155K)
[2020.02.06-22.32.35:527][  0]LogSlate: Took 0.000616 seconds to synchronously load lazily loaded font '../../../Engine/Content/Slate/Fonts/Roboto-Bold.ttf' (160K)
[2020.02.06-22.32.35:535][  0]LogSlate: Took 0.000426 seconds to synchronously load lazily loaded font '../../../Engine/Content/Editor/Slate/Fonts/FontAwesome.ttf' (139K)
[2020.02.06-22.32.35:659][  0]LogSlate: Took 0.000292 seconds to synchronously load lazily loaded font '../../../Engine/Content/Slate/Fonts/Roboto-Light.ttf' (167K)
[2020.02.06-22.32.35:689][  1]LogRenderer: Reallocating scene render targets to support 940x508 Format 10 NumSamples 1 (Frame:1).
[2020.02.06-22.32.35:715][  1]LogAssetRegistry: Asset discovery search completed in 4.5594 seconds
[2020.02.06-22.32.35:724][  1]LogCollectionManager: Rebuilt the object cache for 0 collections in 0.000002 seconds (found 0 objects)
[2020.02.06-22.32.35:724][  1]LogCollectionManager: Fixed up redirectors for 0 collections in 0.000161 seconds (updated 0 objects)
[2020.02.06-22.32.41:821][382]LogSlate: FSceneViewport::OnFocusLost() reason 0
[2020.02.06-22.32.44:283][606]LogRenderer: Reallocating scene render targets to support 1208x572 Format 10 NumSamples 1 (Frame:548).
[2020.02.06-22.33.05:931][169]LogEditorViewport: Clicking on Actor (LMB): StaticMeshActor (fbxStair)
[2020.02.06-22.33.23:717][274]LogSlate: FSceneViewport::OnFocusLost() reason 2
[2020.02.06-22.33.28:684][863]LogSlate: FSceneViewport::OnFocusLost() reason 2
[2020.02.06-22.33.35:081][629]LogSlate: FSceneViewport::OnFocusLost() reason 0
[2020.02.06-22.33.35:198][643]LogTemp: Repeating last play command: Selected Viewport
[2020.02.06-22.33.35:207][643]LogBlueprintUserMessages: Early PlayInEditor Detection: Level '/Game/ThirdPersonBP/Maps/SetDressing.SetDressing:PersistentLevel' has LevelScriptBlueprint '/Game/ThirdPersonBP/Maps/SetDressing.SetDressing:PersistentLevel.SetDressing' with GeneratedClass '/Game/ThirdPersonBP/Maps/SetDressing.SetDressing_C' with ClassGeneratedBy '/Game/ThirdPersonBP/Maps/SetDressing.SetDressing:PersistentLevel.SetDressing'
[2020.02.06-22.33.35:207][643]LogPlayLevel: PlayLevel: No blueprints needed recompiling
[2020.02.06-22.33.35:207][643]PIE: New page: PIE session: SetDressing (Feb 6, 2020, 12:33:35 PM)
[2020.02.06-22.33.35:220][643]LogPlayLevel: Creating play world package: /Game/ThirdPersonBP/Maps/UEDPIE_0_SetDressing
[2020.02.06-22.33.35:253][643]LogPlayLevel: PIE: StaticDuplicateObject took: (0.033364s)
[2020.02.06-22.33.35:254][643]LogAIModule: Creating AISystem for world SetDressing
[2020.02.06-22.33.35:254][643]LogPlayLevel: PIE: World Init took: (0.000417s)
[2020.02.06-22.33.35:254][643]LogPlayLevel: PIE: Created PIE world by copying editor world from /Game/ThirdPersonBP/Maps/SetDressing.SetDressing to /Game/ThirdPersonBP/Maps/UEDPIE_0_SetDressing.SetDressing (0.033983s)
[2020.02.06-22.33.35:280][643]LogUObjectHash: Compacting FUObjectHashTables data took   1.07ms
[2020.02.06-22.33.35:293][643]LogInit: XAudio2 using 'Optix G24C (NVIDIA High Definition Audio)' : 2 channels at 48 kHz using 16 bits per sample (channel mask 0x3)
[2020.02.06-22.33.35:300][643]LogInit: FAudioDevice initialized.
[2020.02.06-22.33.35:445][643]LogLoad: Game class is 'ThirdPersonGameMode_C'
[2020.02.06-22.33.35:448][643]LogWorld: Bringing World /Game/ThirdPersonBP/Maps/UEDPIE_0_SetDressing.SetDressing up for play (max tick rate 0) at 2020.02.06-17.33.35
[2020.02.06-22.33.35:448][643]LogWorld: Bringing up level for play took: 0.002150
[2020.02.06-22.33.35:464][643]LogContentBrowser: Native class hierarchy updated for 'MovieSceneCapture' in 0.0002 seconds. Added 20 classes and 0 folders.
[2020.02.06-22.33.35:467][643]PIE: Play in editor start time for /Game/ThirdPersonBP/Maps/UEDPIE_0_SetDressing -0.133
[2020.02.06-22.33.35:468][643]LogBlueprintUserMessages: Late PlayInEditor Detection: Level '/Game/ThirdPersonBP/Maps/SetDressing.SetDressing:PersistentLevel' has LevelScriptBlueprint '/Game/ThirdPersonBP/Maps/SetDressing.SetDressing:PersistentLevel.SetDressing' with GeneratedClass '/Game/ThirdPersonBP/Maps/SetDressing.SetDressing_C' with ClassGeneratedBy '/Game/ThirdPersonBP/Maps/SetDressing.SetDressing:PersistentLevel.SetDressing'
[2020.02.06-22.34.17:837][724]LogBlueprintUserMessages: Early EndPlayMap Detection: Level '/Game/ThirdPersonBP/Maps/SetDressing.SetDressing:PersistentLevel' has LevelScriptBlueprint '/Game/ThirdPersonBP/Maps/SetDressing.SetDressing:PersistentLevel.SetDressing' with GeneratedClass '/Game/ThirdPersonBP/Maps/SetDressing.SetDressing_C' with ClassGeneratedBy '/Game/ThirdPersonBP/Maps/SetDressing.SetDressing:PersistentLevel.SetDressing'
[2020.02.06-22.34.17:838][724]LogSlate: Updating window title bar state: overlay mode, drag disabled, window buttons hidden, title bar hidden
[2020.02.06-22.34.17:865][724]LogPlayLevel: Display: Shutting down PIE online subsystems
[2020.02.06-22.34.17:865][724]LogBlueprintUserMessages: Late EndPlayMap Detection: Level '/Game/ThirdPersonBP/Maps/SetDressing.SetDressing:PersistentLevel' has LevelScriptBlueprint '/Game/ThirdPersonBP/Maps/SetDressing.SetDressing:PersistentLevel.SetDressing' with GeneratedClass '/Game/ThirdPersonBP/Maps/SetDressing.SetDressing_C' with ClassGeneratedBy '/Game/ThirdPersonBP/Maps/SetDressing.SetDressing:PersistentLevel.SetDressing'
[2020.02.06-22.34.17:892][724]LogSlate: Updating window title bar state: overlay mode, drag disabled, window buttons hidden, title bar hidden
[2020.02.06-22.34.17:895][724]LogUObjectHash: Compacting FUObjectHashTables data took   1.48ms
[2020.02.06-22.34.17:945][728]LogPlayLevel: Display: Destroying online subsystem :Context_3
[2020.02.06-22.39.46:038][847]LogSlate: FSceneViewport::OnFocusLost() reason 0
[2020.02.06-22.40.33:042][336]LogGeomTools: Triangulation of poly failed.
[2020.02.06-22.40.38:616][981]Cmd: TRANSACTION UNDO
[2020.02.06-22.40.38:616][981]LogEditorTransaction: Undo Move Actors
[2020.02.06-22.40.38:686][981]LogGeometryMode: Warning: Unable to find 1 Vertex(s) in new BSP
[2020.02.06-22.40.38:686][981]LogGeometryMode: Warning: Unable to resolve BoxBrush35 Brush in new BSP, see above
[2020.02.06-22.40.38:686][981]LogGeometryMode: Warning: Unable to find all previously selected geometry data, resetting selection
[2020.02.06-22.40.38:697][981]LogSlate: Took 0.000142 seconds to synchronously load lazily loaded font '../../../Engine/Content/Slate/Fonts/Roboto-Light.ttf' (167K)
[2020.02.06-22.40.39:534][ 80]Cmd: TRANSACTION UNDO
[2020.02.06-22.40.39:534][ 80]LogEditorTransaction: Undo Modifier [Edit]
[2020.02.06-22.40.40:825][233]Cmd: TRANSACTION UNDO
[2020.02.06-22.40.40:825][233]LogEditorTransaction: Undo Modifier [Edit]
[2020.02.06-22.40.41:960][368]Cmd: TRANSACTION UNDO
[2020.02.06-22.40.41:960][368]LogEditorTransaction: Undo Move Actors
[2020.02.06-22.40.42:027][368]LogGeometryMode: Warning: Unable to find 1 Vertex(s) in new BSP
[2020.02.06-22.40.42:027][368]LogGeometryMode: Warning: Unable to resolve BoxBrush35 Brush in new BSP, see above
[2020.02.06-22.40.42:027][368]LogGeometryMode: Warning: Unable to find all previously selected geometry data, resetting selection
[2020.02.06-22.41.52:484][732]LogEditorViewport: Clicking on Actor (LMB): BP_Sky_Sphere_C (Sky Sphere)
[2020.02.06-22.42.04:705][166]LogSlate: FSceneViewport::OnFocusLost() reason 0
[2020.02.06-22.42.06:226][345]Cmd: EDCALLBACK SURFPROPS
[2020.02.06-22.42.13:153][150]LogSlate: FSceneViewport::OnFocusLost() reason 0
[2020.02.06-22.42.57:508][348]LogSlate: FSceneViewport::OnFocusLost() reason 0
[2020.02.06-22.42.57:582][357]LogTemp: Repeating last play command: Selected Viewport
[2020.02.06-22.42.57:593][357]LogBlueprintUserMessages: Early PlayInEditor Detection: Level '/Game/ThirdPersonBP/Maps/SetDressing.SetDressing:PersistentLevel' has LevelScriptBlueprint '/Game/ThirdPersonBP/Maps/SetDressing.SetDressing:PersistentLevel.SetDressing' with GeneratedClass '/Game/ThirdPersonBP/Maps/SetDressing.SetDressing_C' with ClassGeneratedBy '/Game/ThirdPersonBP/Maps/SetDressing.SetDressing:PersistentLevel.SetDressing'
[2020.02.06-22.42.57:593][357]LogPlayLevel: PlayLevel: No blueprints needed recompiling
[2020.02.06-22.42.57:593][357]PIE: New page: PIE session: SetDressing (Feb 6, 2020, 12:42:57 PM)
[2020.02.06-22.42.57:593][357]LogPlayLevel: Creating play world package: /Game/ThirdPersonBP/Maps/UEDPIE_0_SetDressing
[2020.02.06-22.42.57:628][357]LogPlayLevel: PIE: StaticDuplicateObject took: (0.034018s)
[2020.02.06-22.42.57:628][357]LogAIModule: Creating AISystem for world SetDressing
[2020.02.06-22.42.57:628][357]LogPlayLevel: PIE: World Init took: (0.000495s)
[2020.02.06-22.42.57:628][357]LogPlayLevel: PIE: Created PIE world by copying editor world from /Game/ThirdPersonBP/Maps/SetDressing.SetDressing to /Game/ThirdPersonBP/Maps/UEDPIE_0_SetDressing.SetDressing (0.034620s)
[2020.02.06-22.42.57:666][357]LogUObjectHash: Compacting FUObjectHashTables data took   1.31ms
[2020.02.06-22.42.57:681][357]LogInit: XAudio2 using 'Optix G24C (NVIDIA High Definition Audio)' : 2 channels at 48 kHz using 16 bits per sample (channel mask 0x3)
[2020.02.06-22.42.57:688][357]LogInit: FAudioDevice initialized.
[2020.02.06-22.42.57:717][357]LogLoad: Game class is 'ThirdPersonGameMode_C'
[2020.02.06-22.42.57:719][357]LogWorld: Bringing World /Game/ThirdPersonBP/Maps/UEDPIE_0_SetDressing.SetDressing up for play (max tick rate 0) at 2020.02.06-17.42.57
[2020.02.06-22.42.57:720][357]LogWorld: Bringing up level for play took: 0.002246
[2020.02.06-22.42.57:732][357]PIE: Play in editor start time for /Game/ThirdPersonBP/Maps/UEDPIE_0_SetDressing 0.13
[2020.02.06-22.42.57:732][357]LogBlueprintUserMessages: Late PlayInEditor Detection: Level '/Game/ThirdPersonBP/Maps/SetDressing.SetDressing:PersistentLevel' has LevelScriptBlueprint '/Game/ThirdPersonBP/Maps/SetDressing.SetDressing:PersistentLevel.SetDressing' with GeneratedClass '/Game/ThirdPersonBP/Maps/SetDressing.SetDressing_C' with ClassGeneratedBy '/Game/ThirdPersonBP/Maps/SetDressing.SetDressing:PersistentLevel.SetDressing'
[2020.02.06-22.43.11:765][ 38]LogBlueprintUserMessages: Early EndPlayMap Detection: Level '/Game/ThirdPersonBP/Maps/SetDressing.SetDressing:PersistentLevel' has LevelScriptBlueprint '/Game/ThirdPersonBP/Maps/SetDressing.SetDressing:PersistentLevel.SetDressing' with GeneratedClass '/Game/ThirdPersonBP/Maps/SetDressing.SetDressing_C' with ClassGeneratedBy '/Game/ThirdPersonBP/Maps/SetDressing.SetDressing:PersistentLevel.SetDressing'
[2020.02.06-22.43.11:765][ 38]LogSlate: Updating window title bar state: overlay mode, drag disabled, window buttons hidden, title bar hidden
[2020.02.06-22.43.11:797][ 38]LogPlayLevel: Display: Shutting down PIE online subsystems
[2020.02.06-22.43.11:797][ 38]LogBlueprintUserMessages: Late EndPlayMap Detection: Level '/Game/ThirdPersonBP/Maps/SetDressing.SetDressing:PersistentLevel' has LevelScriptBlueprint '/Game/ThirdPersonBP/Maps/SetDressing.SetDressing:PersistentLevel.SetDressing' with GeneratedClass '/Game/ThirdPersonBP/Maps/SetDressing.SetDressing_C' with ClassGeneratedBy '/Game/ThirdPersonBP/Maps/SetDressing.SetDressing:PersistentLevel.SetDressing'
[2020.02.06-22.43.11:823][ 38]LogSlate: Updating window title bar state: overlay mode, drag disabled, window buttons hidden, title bar hidden
[2020.02.06-22.43.11:826][ 38]LogUObjectHash: Compacting FUObjectHashTables data took   1.09ms
[2020.02.06-22.43.11:867][ 41]LogPlayLevel: Display: Destroying online subsystem :Context_4
[2020.02.06-22.43.17:003][655]LogSlate: FSceneViewport::OnFocusLost() reason 0
[2020.02.06-22.43.17:061][662]LogTemp: Repeating last play command: Selected Viewport
[2020.02.06-22.43.17:071][662]LogBlueprintUserMessages: Early PlayInEditor Detection: Level '/Game/ThirdPersonBP/Maps/SetDressing.SetDressing:PersistentLevel' has LevelScriptBlueprint '/Game/ThirdPersonBP/Maps/SetDressing.SetDressing:PersistentLevel.SetDressing' with GeneratedClass '/Game/ThirdPersonBP/Maps/SetDressing.SetDressing_C' with ClassGeneratedBy '/Game/ThirdPersonBP/Maps/SetDressing.SetDressing:PersistentLevel.SetDressing'
[2020.02.06-22.43.17:071][662]LogPlayLevel: PlayLevel: No blueprints needed recompiling
[2020.02.06-22.43.17:071][662]PIE: New page: PIE session: SetDressing (Feb 6, 2020, 12:43:17 PM)
[2020.02.06-22.43.17:071][662]LogPlayLevel: Creating play world package: /Game/ThirdPersonBP/Maps/UEDPIE_0_SetDressing
[2020.02.06-22.43.17:105][662]LogPlayLevel: PIE: StaticDuplicateObject took: (0.033521s)
[2020.02.06-22.43.17:105][662]LogAIModule: Creating AISystem for world SetDressing
[2020.02.06-22.43.17:105][662]LogPlayLevel: PIE: World Init took: (0.000397s)
[2020.02.06-22.43.17:105][662]LogPlayLevel: PIE: Created PIE world by copying editor world from /Game/ThirdPersonBP/Maps/SetDressing.SetDressing to /Game/ThirdPersonBP/Maps/UEDPIE_0_SetDressing.SetDressing (0.034016s)
[2020.02.06-22.43.17:127][662]LogUObjectHash: Compacting FUObjectHashTables data took   0.85ms
[2020.02.06-22.43.17:140][662]LogInit: XAudio2 using 'Optix G24C (NVIDIA High Definition Audio)' : 2 channels at 48 kHz using 16 bits per sample (channel mask 0x3)
[2020.02.06-22.43.17:147][662]LogInit: FAudioDevice initialized.
[2020.02.06-22.43.17:177][662]LogLoad: Game class is 'ThirdPersonGameMode_C'
[2020.02.06-22.43.17:178][662]LogWorld: Bringing World /Game/ThirdPersonBP/Maps/UEDPIE_0_SetDressing.SetDressing up for play (max tick rate 0) at 2020.02.06-17.43.17
[2020.02.06-22.43.17:180][662]LogWorld: Bringing up level for play took: 0.002170
[2020.02.06-22.43.17:192][662]PIE: Play in editor start time for /Game/ThirdPersonBP/Maps/UEDPIE_0_SetDressing -0.411
[2020.02.06-22.43.17:192][662]LogBlueprintUserMessages: Late PlayInEditor Detection: Level '/Game/ThirdPersonBP/Maps/SetDressing.SetDressing:PersistentLevel' has LevelScriptBlueprint '/Game/ThirdPersonBP/Maps/SetDressing.SetDressing:PersistentLevel.SetDressing' with GeneratedClass '/Game/ThirdPersonBP/Maps/SetDressing.SetDressing_C' with ClassGeneratedBy '/Game/ThirdPersonBP/Maps/SetDressing.SetDressing:PersistentLevel.SetDressing'
[2020.02.06-22.43.46:583][184]LogBlueprintUserMessages: Early EndPlayMap Detection: Level '/Game/ThirdPersonBP/Maps/SetDressing.SetDressing:PersistentLevel' has LevelScriptBlueprint '/Game/ThirdPersonBP/Maps/SetDressing.SetDressing:PersistentLevel.SetDressing' with GeneratedClass '/Game/ThirdPersonBP/Maps/SetDressing.SetDressing_C' with ClassGeneratedBy '/Game/ThirdPersonBP/Maps/SetDressing.SetDressing:PersistentLevel.SetDressing'
[2020.02.06-22.43.46:584][184]LogSlate: Updating window title bar state: overlay mode, drag disabled, window buttons hidden, title bar hidden
[2020.02.06-22.43.46:611][184]LogPlayLevel: Display: Shutting down PIE online subsystems
[2020.02.06-22.43.46:611][184]LogBlueprintUserMessages: Late EndPlayMap Detection: Level '/Game/ThirdPersonBP/Maps/SetDressing.SetDressing:PersistentLevel' has LevelScriptBlueprint '/Game/ThirdPersonBP/Maps/SetDressing.SetDressing:PersistentLevel.SetDressing' with GeneratedClass '/Game/ThirdPersonBP/Maps/SetDressing.SetDressing_C' with ClassGeneratedBy '/Game/ThirdPersonBP/Maps/SetDressing.SetDressing:PersistentLevel.SetDressing'
[2020.02.06-22.43.46:635][184]LogSlate: Updating window title bar state: overlay mode, drag disabled, window buttons hidden, title bar hidden
[2020.02.06-22.43.46:638][184]LogUObjectHash: Compacting FUObjectHashTables data took   0.96ms
[2020.02.06-22.43.46:683][188]LogPlayLevel: Display: Destroying online subsystem :Context_5
[2020.02.06-22.43.53:391][990]LogSlate: FSceneViewport::OnFocusLost() reason 2
[2020.02.06-22.43.54:420][111]LogUObjectHash: Compacting FUObjectHashTables data took   0.52ms
[2020.02.06-22.43.54:425][111]LogSlate: FSceneViewport::OnFocusLost() reason 2
[2020.02.06-22.43.54:453][111]LogUObjectHash: Compacting FUObjectHashTables data took   0.46ms
[2020.02.06-22.43.54:758][111]LogSavePackage: Moving '../../../../../../../Users/tlbender/Documents/GitHub/Bender_SetDressing/Bender_Set_Dressing/Saved/SetDressing2A23A9874C788C0650ECED98F4F77EBD.tmp' to '../../../../../../../Users/tlbender/Documents/GitHub/Bender_SetDressing/Bender_Set_Dressing/Content/ThirdPersonBP/Maps/SetDressing.umap'
[2020.02.06-22.43.54:787][111]LogFileHelpers: Saving map 'SetDressing' took 0.356
[2020.02.06-22.43.56:237][284]LogSlate: FSceneViewport::OnFocusLost() reason 0
